<?xml version="1.0" encoding="UTF-8"?>
<testsuite xmlns:xsi="http://www.w3.org/2001/XMLSchema-instance" xsi:noNamespaceSchemaLocation="https://maven.apache.org/surefire/maven-surefire-plugin/xsd/surefire-test-report-3.0.xsd" version="3.0" name="br.ce.wcaquino.servicos.LocacaoServiceTest" time="0.418" tests="10" errors="0" skipped="0" failures="0">
  <properties>
    <property name="java.specification.version" value="21"/>
    <property name="sun.jnu.encoding" value="UTF-8"/>
    <property name="java.class.path" value="/home/raul.ribeiro/IdeaProjects/Testes Unitarios em Java/TestesUnitarios+-+inicio/TestesUnitarios/target/test-classes:/home/raul.ribeiro/IdeaProjects/Testes Unitarios em Java/TestesUnitarios+-+inicio/TestesUnitarios/target/classes:/home/raul.ribeiro/.m2/repository/junit/junit/4.12/junit-4.12.jar:/home/raul.ribeiro/.m2/repository/org/hamcrest/hamcrest-core/1.3/hamcrest-core-1.3.jar:/home/raul.ribeiro/.m2/repository/org/mockito/mockito-core/2.23.4/mockito-core-2.23.4.jar:/home/raul.ribeiro/.m2/repository/net/bytebuddy/byte-buddy/1.9.3/byte-buddy-1.9.3.jar:/home/raul.ribeiro/.m2/repository/net/bytebuddy/byte-buddy-agent/1.9.3/byte-buddy-agent-1.9.3.jar:/home/raul.ribeiro/.m2/repository/org/objenesis/objenesis/2.6/objenesis-2.6.jar:/home/raul.ribeiro/.m2/repository/org/powermock/powermock-module-junit4/2.0.2/powermock-module-junit4-2.0.2.jar:/home/raul.ribeiro/.m2/repository/org/powermock/powermock-module-junit4-common/2.0.2/powermock-module-junit4-common-2.0.2.jar:/home/raul.ribeiro/.m2/repository/org/powermock/powermock-api-mockito2/2.0.2/powermock-api-mockito2-2.0.2.jar:/home/raul.ribeiro/.m2/repository/org/powermock/powermock-api-support/2.0.2/powermock-api-support-2.0.2.jar:/home/raul.ribeiro/.m2/repository/org/powermock/powermock-core/2.0.2/powermock-core-2.0.2.jar:/home/raul.ribeiro/.m2/repository/org/powermock/powermock-reflect/2.0.2/powermock-reflect-2.0.2.jar:/home/raul.ribeiro/.m2/repository/org/javassist/javassist/3.24.0-GA/javassist-3.24.0-GA.jar:"/>
    <property name="java.vm.vendor" value="Private Build"/>
    <property name="sun.arch.data.model" value="64"/>
    <property name="java.vendor.url" value="Unknown"/>
    <property name="user.timezone" value="America/Campo_Grande"/>
    <property name="os.name" value="Linux"/>
    <property name="java.vm.specification.version" value="21"/>
    <property name="sun.java.launcher" value="SUN_STANDARD"/>
    <property name="user.country" value="BR"/>
    <property name="sun.boot.library.path" value="/usr/lib/jvm/java-21-openjdk-amd64/lib"/>
    <property name="sun.java.command" value="/home/raul.ribeiro/IdeaProjects/Testes Unitarios em Java/TestesUnitarios+-+inicio/TestesUnitarios/target/surefire/surefirebooter-20240328084008395_3.jar /home/raul.ribeiro/IdeaProjects/Testes Unitarios em Java/TestesUnitarios+-+inicio/TestesUnitarios/target/surefire 2024-03-28T08-40-08_312-jvmRun1 surefire-20240328084008395_1tmp surefire_0-20240328084008395_2tmp"/>
    <property name="jdk.debug" value="release"/>
    <property name="surefire.test.class.path" value="/home/raul.ribeiro/IdeaProjects/Testes Unitarios em Java/TestesUnitarios+-+inicio/TestesUnitarios/target/test-classes:/home/raul.ribeiro/IdeaProjects/Testes Unitarios em Java/TestesUnitarios+-+inicio/TestesUnitarios/target/classes:/home/raul.ribeiro/.m2/repository/junit/junit/4.12/junit-4.12.jar:/home/raul.ribeiro/.m2/repository/org/hamcrest/hamcrest-core/1.3/hamcrest-core-1.3.jar:/home/raul.ribeiro/.m2/repository/org/mockito/mockito-core/2.23.4/mockito-core-2.23.4.jar:/home/raul.ribeiro/.m2/repository/net/bytebuddy/byte-buddy/1.9.3/byte-buddy-1.9.3.jar:/home/raul.ribeiro/.m2/repository/net/bytebuddy/byte-buddy-agent/1.9.3/byte-buddy-agent-1.9.3.jar:/home/raul.ribeiro/.m2/repository/org/objenesis/objenesis/2.6/objenesis-2.6.jar:/home/raul.ribeiro/.m2/repository/org/powermock/powermock-module-junit4/2.0.2/powermock-module-junit4-2.0.2.jar:/home/raul.ribeiro/.m2/repository/org/powermock/powermock-module-junit4-common/2.0.2/powermock-module-junit4-common-2.0.2.jar:/home/raul.ribeiro/.m2/repository/org/powermock/powermock-api-mockito2/2.0.2/powermock-api-mockito2-2.0.2.jar:/home/raul.ribeiro/.m2/repository/org/powermock/powermock-api-support/2.0.2/powermock-api-support-2.0.2.jar:/home/raul.ribeiro/.m2/repository/org/powermock/powermock-core/2.0.2/powermock-core-2.0.2.jar:/home/raul.ribeiro/.m2/repository/org/powermock/powermock-reflect/2.0.2/powermock-reflect-2.0.2.jar:/home/raul.ribeiro/.m2/repository/org/javassist/javassist/3.24.0-GA/javassist-3.24.0-GA.jar:"/>
    <property name="sun.cpu.endian" value="little"/>
    <property name="user.home" value="/home/raul.ribeiro"/>
    <property name="user.language" value="pt"/>
    <property name="java.specification.vendor" value="Oracle Corporation"/>
    <property name="java.version.date" value="2024-01-16"/>
    <property name="java.home" value="/usr/lib/jvm/java-21-openjdk-amd64"/>
    <property name="file.separator" value="/"/>
    <property name="basedir" value="/home/raul.ribeiro/IdeaProjects/Testes Unitarios em Java/TestesUnitarios+-+inicio/TestesUnitarios"/>
    <property name="java.vm.compressedOopsMode" value="Zero based"/>
    <property name="line.separator" value="&#10;"/>
    <property name="java.specification.name" value="Java Platform API Specification"/>
    <property name="java.vm.specification.vendor" value="Oracle Corporation"/>
    <property name="surefire.real.class.path" value="/home/raul.ribeiro/IdeaProjects/Testes Unitarios em Java/TestesUnitarios+-+inicio/TestesUnitarios/target/surefire/surefirebooter-20240328084008395_3.jar"/>
    <property name="sun.management.compiler" value="HotSpot 64-Bit Tiered Compilers"/>
    <property name="java.runtime.version" value="21.0.2+13-Ubuntu-122.04.1"/>
    <property name="user.name" value="raul.ribeiro"/>
    <property name="stdout.encoding" value="UTF-8"/>
    <property name="path.separator" value=":"/>
    <property name="os.version" value="5.15.0-101-generic"/>
    <property name="java.runtime.name" value="OpenJDK Runtime Environment"/>
    <property name="file.encoding" value="UTF-8"/>
    <property name="java.vm.name" value="OpenJDK 64-Bit Server VM"/>
    <property name="localRepository" value="/home/raul.ribeiro/.m2/repository"/>
    <property name="java.vendor.url.bug" value="Unknown"/>
    <property name="java.io.tmpdir" value="/tmp"/>
    <property name="java.version" value="21.0.2"/>
    <property name="user.dir" value="/home/raul.ribeiro/IdeaProjects/Testes Unitarios em Java/TestesUnitarios+-+inicio/TestesUnitarios"/>
    <property name="os.arch" value="amd64"/>
    <property name="java.vm.specification.name" value="Java Virtual Machine Specification"/>
    <property name="native.encoding" value="UTF-8"/>
    <property name="java.library.path" value="/usr/java/packages/lib:/usr/lib/x86_64-linux-gnu/jni:/lib/x86_64-linux-gnu:/usr/lib/x86_64-linux-gnu:/usr/lib/jni:/lib:/usr/lib"/>
    <property name="java.vm.info" value="mixed mode, sharing"/>
    <property name="stderr.encoding" value="UTF-8"/>
    <property name="java.vendor" value="Private Build"/>
    <property name="java.vm.version" value="21.0.2+13-Ubuntu-122.04.1"/>
    <property name="sun.io.unicode.encoding" value="UnicodeLittle"/>
    <property name="java.class.version" value="65.0"/>
  </properties>
  <testcase name="naoDeveAlugarFilmeSemEstoque" classname="br.ce.wcaquino.servicos.LocacaoServiceTest" time="0.391">
    <system-out><![CDATA[Iniciando 2 ....
Finalizando 2 ....
]]></system-out>
  </testcase>
  <testcase name="naoDeveAlugarFilmeSemFilme" classname="br.ce.wcaquino.servicos.LocacaoServiceTest" time="0.405">
    <system-out><![CDATA[Iniciando 2 ....
Finalizando 2 ....
]]></system-out>
  </testcase>
  <testcase name="deveProrrogarUmaLocacao" classname="br.ce.wcaquino.servicos.LocacaoServiceTest" time="0.417">
    <system-out><![CDATA[Iniciando 2 ....
Finalizando 2 ....
]]></system-out>
  </testcase>
  <testcase name="deveTratarErroNoSPC" classname="br.ce.wcaquino.servicos.LocacaoServiceTest" time="0.404">
    <system-out><![CDATA[Iniciando 2 ....
Finalizando 2 ....
]]></system-out>
  </testcase>
  <testcase name="deveEnviarEmailParaLocacoesAtrasadas" classname="br.ce.wcaquino.servicos.LocacaoServiceTest" time="0.411">
    <system-out><![CDATA[Iniciando 2 ....
Finalizando 2 ....
]]></system-out>
  </testcase>
  <testcase name="deveAlugarFilme" classname="br.ce.wcaquino.servicos.LocacaoServiceTest" time="0.405">
    <system-out><![CDATA[Iniciando 2 ....
Estou calculando...
Finalizando 2 ....
]]></system-out>
  </testcase>
  <testcase name="naoDeveAlugarFilmeSemUsuario" classname="br.ce.wcaquino.servicos.LocacaoServiceTest" time="0.383">
    <system-out><![CDATA[Iniciando 2 ....
Finalizando 2 ....
]]></system-out>
  </testcase>
  <testcase name="naoDeveAlugarFilmeParaNegativadoSPC" classname="br.ce.wcaquino.servicos.LocacaoServiceTest" time="0.366">
    <system-out><![CDATA[Iniciando 2 ....
Finalizando 2 ....
]]></system-out>
  </testcase>
  <testcase name="deveCalcularValorLocacao" classname="br.ce.wcaquino.servicos.LocacaoServiceTest" time="0.357">
    <system-out><![CDATA[Iniciando 2 ....
Estou calculando...
Finalizando 2 ....
]]></system-out>
  </testcase>
  <testcase name="deveDevolverNaSegundaAoAlugarNoSabado" classname="br.ce.wcaquino.servicos.LocacaoServiceTest" time="0.371">
    <system-out><![CDATA[Iniciando 2 ....
Estou calculando...
Finalizando 2 ....
]]></system-out>
  </testcase>
</testsuite>